[09:06:21] {"component": "test_comp", "comp_phys": "", "command": "HELLO", "arg1": "", "arg2": "", "reply": "", "reply type": "SENT", "comp_type": "python_client", "tick count": 1767600381331, "UUID": "edf823a3-b2b0-4e28-864e-1fa6c9725f26"}
[09:06:21] {"component": "test_comp", "comp_phys": "", "command": "HELLO", "arg1": "", "arg2": "", "reply": "", "reply type": "RCV", "comp_type": "python_client", "tick count": 1767600381331, "UUID": "edf823a3-b2b0-4e28-864e-1fa6c9725f26"}
[09:06:21] {"component": "test_comp", "comp_phys": "", "command": "HELLO", "arg1": "", "arg2": "", "reply": "OK", "reply type": "ACK", "comp_type": "python_client", "tick count": 1767600381331, "UUID": "edf823a3-b2b0-4e28-864e-1fa6c9725f26"}
[09:08:14] {"component": "motor_X", "comp_phys": "", "command": "long_move", "arg1": "", "arg2": "", "reply": "", "reply type": "SENT", "comp_type": "python_client", "tick count": 1767600494585, "UUID": "487782f2-351f-4bfb-ad98-faa996eb4fc0"}
[09:08:14] {"component": "motor_X", "comp_phys": "", "command": "long_move", "arg1": "", "arg2": "", "reply": "", "reply type": "RCV", "comp_type": "python_client", "tick count": 1767600494585, "UUID": "487782f2-351f-4bfb-ad98-faa996eb4fc0"}
[09:08:14] {"component": "motor_X", "comp_phys": "", "command": "long_move", "arg1": "", "arg2": "", "reply": "Unknown Command", "reply type": "ACK", "comp_type": "python_client", "tick count": 1767600494585, "UUID": "487782f2-351f-4bfb-ad98-faa996eb4fc0"}
[09:09:11] {"component": "motor_X", "comp_phys": "", "command": "long_move", "arg1": "", "arg2": "", "reply": "", "reply type": "SENT", "comp_type": "python_client", "tick count": 1767600551263, "UUID": "b47d3734-a2bf-4273-9dac-a68bb5f6d166"}
[09:09:11] {"component": "motor_X", "comp_phys": "", "command": "long_move", "arg1": "", "arg2": "", "reply": "", "reply type": "RCV", "comp_type": "python_client", "tick count": 1767600551263, "UUID": "b47d3734-a2bf-4273-9dac-a68bb5f6d166"}
[09:09:11] {"component": "motor_X", "comp_phys": "", "command": "long_move", "arg1": "", "arg2": "", "reply": "Unknown Command", "reply type": "ACK", "comp_type": "python_client", "tick count": 1767600551263, "UUID": "b47d3734-a2bf-4273-9dac-a68bb5f6d166"}
[09:09:20] {"component": "motor_X", "comp_phys": "", "command": "long_move", "arg1": "", "arg2": "", "reply": "", "reply type": "SENT", "comp_type": "python_client", "tick count": 1767600560482, "UUID": "e507b457-d845-46fb-aaed-1a658600b42b"}
[09:09:20] {"component": "motor_X", "comp_phys": "", "command": "long_move", "arg1": "", "arg2": "", "reply": "", "reply type": "RCV", "comp_type": "python_client", "tick count": 1767600560482, "UUID": "e507b457-d845-46fb-aaed-1a658600b42b"}
[09:09:20] {"component": "motor_X", "comp_phys": "", "command": "long_move", "arg1": "", "arg2": "", "reply": "Unknown Command", "reply type": "ACK", "comp_type": "python_client", "tick count": 1767600560482, "UUID": "e507b457-d845-46fb-aaed-1a658600b42b"}
[09:09:47] {"component": "motor_X", "comp_phys": "", "command": "long_move", "arg1": "", "arg2": "", "reply": "", "reply type": "SENT", "comp_type": "python_client", "tick count": 1767600587670, "UUID": "ee0dce7d-dae8-4fec-8436-f9f5a91e4b69"}
[09:09:47] {"component": "motor_X", "comp_phys": "", "command": "long_move", "arg1": "", "arg2": "", "reply": "", "reply type": "RCV", "comp_type": "python_client", "tick count": 1767600587670, "UUID": "ee0dce7d-dae8-4fec-8436-f9f5a91e4b69"}
[09:09:47] {"component": "motor_X", "comp_phys": "", "command": "long_move", "arg1": "", "arg2": "", "reply": "Unknown Command", "reply type": "ACK", "comp_type": "python_client", "tick count": 1767600587670, "UUID": "ee0dce7d-dae8-4fec-8436-f9f5a91e4b69"}
[09:10:09] {"component": "motor_X", "comp_phys": "", "command": "long_move", "arg1": "", "arg2": "", "reply": "", "reply type": "SENT", "comp_type": "python_client", "tick count": 1767600609034, "UUID": "8ad6b867-b5eb-4ea0-8685-a9628e3e3113"}
[09:10:09] {"component": "motor_X", "comp_phys": "", "command": "long_move", "arg1": "", "arg2": "", "reply": "", "reply type": "RCV", "comp_type": "python_client", "tick count": 1767600609034, "UUID": "8ad6b867-b5eb-4ea0-8685-a9628e3e3113"}
[09:10:09] {"component": "motor_X", "comp_phys": "", "command": "long_move", "arg1": "", "arg2": "", "reply": "Unknown Command", "reply type": "ACK", "comp_type": "python_client", "tick count": 1767600609034, "UUID": "8ad6b867-b5eb-4ea0-8685-a9628e3e3113"}
[09:10:11] {"component": "motor_X", "comp_phys": "", "command": "long_move", "arg1": "", "arg2": "", "reply": "", "reply type": "SENT", "comp_type": "python_client", "tick count": 1767600611646, "UUID": "f7f62b17-ecc8-4848-858a-4a57e9760b6c"}
[09:10:11] {"component": "motor_X", "comp_phys": "", "command": "long_move", "arg1": "", "arg2": "", "reply": "", "reply type": "RCV", "comp_type": "python_client", "tick count": 1767600611646, "UUID": "f7f62b17-ecc8-4848-858a-4a57e9760b6c"}
[09:10:11] {"component": "motor_X", "comp_phys": "", "command": "long_move", "arg1": "", "arg2": "", "reply": "Unknown Command", "reply type": "ACK", "comp_type": "python_client", "tick count": 1767600611646, "UUID": "f7f62b17-ecc8-4848-858a-4a57e9760b6c"}
[09:20:59] {"component": "motor_X", "comp_phys": "", "command": "long_move", "arg1": "", "arg2": "", "reply": "", "reply type": "SENT", "comp_type": "python_client", "tick count": 1767601259626, "UUID": "c03aca4a-250e-49c7-b567-25a1f42347fe"}
[09:20:59] {"component": "motor_X", "comp_phys": "", "command": "long_move", "arg1": "", "arg2": "", "reply": "", "reply type": "RCV", "comp_type": "python_client", "tick count": 1767601259626, "UUID": "c03aca4a-250e-49c7-b567-25a1f42347fe"}
[09:20:59] {"component": "motor_X", "comp_phys": "", "command": "long_move", "arg1": "", "arg2": "", "reply": "Unknown Command", "reply type": "ACK", "comp_type": "python_client", "tick count": 1767601259626, "UUID": "c03aca4a-250e-49c7-b567-25a1f42347fe"}
[09:21:02] {"component": "motor_X", "comp_phys": "", "command": "long_move", "arg1": "", "arg2": "", "reply": "", "reply type": "SENT", "comp_type": "python_client", "tick count": 1767601262714, "UUID": "2f8fd121-e429-4ce8-bf3f-f5ff6300cca3"}
[09:21:02] {"component": "motor_X", "comp_phys": "", "command": "long_move", "arg1": "", "arg2": "", "reply": "", "reply type": "RCV", "comp_type": "python_client", "tick count": 1767601262714, "UUID": "2f8fd121-e429-4ce8-bf3f-f5ff6300cca3"}
[09:21:02] {"component": "motor_X", "comp_phys": "", "command": "long_move", "arg1": "", "arg2": "", "reply": "Unknown Command", "reply type": "ACK", "comp_type": "python_client", "tick count": 1767601262714, "UUID": "2f8fd121-e429-4ce8-bf3f-f5ff6300cca3"}
[09:24:19] {"component": "motor_X", "comp_phys": "", "command": "long_move", "arg1": "", "arg2": "", "reply": "", "reply type": "SENT", "comp_type": "python_client", "tick count": 1767601459457, "UUID": "6e31a19f-8f79-463e-aee2-2ee3a5e0804e"}
[09:24:19] {"component": "motor_X", "comp_phys": "", "command": "long_move", "arg1": "", "arg2": "", "reply": "", "reply type": "RCV", "comp_type": "python_client", "tick count": 1767601459457, "UUID": "6e31a19f-8f79-463e-aee2-2ee3a5e0804e"}
[09:24:19] {"component": "motor_X", "comp_phys": "", "command": "long_move", "arg1": "", "arg2": "", "reply": "Unknown Command", "reply type": "ACK", "comp_type": "python_client", "tick count": 1767601459457, "UUID": "6e31a19f-8f79-463e-aee2-2ee3a5e0804e"}
[09:29:15] {"component": "motor_X", "comp_phys": "", "command": "long_move", "arg1": "", "arg2": "", "reply": "", "reply type": "SENT", "comp_type": "python_client", "tick count": 1767601755430, "UUID": "7e6d4b10-b3cc-47d9-af5f-51f15e18f2d1"}
[09:29:15] {"component": "motor_X", "comp_phys": "", "command": "long_move", "arg1": "", "arg2": "", "reply": "", "reply type": "RCV", "comp_type": "python_client", "tick count": 1767601755430, "UUID": "7e6d4b10-b3cc-47d9-af5f-51f15e18f2d1"}
[09:29:15] {"component": "motor_X", "comp_phys": "", "command": "long_move", "arg1": "", "arg2": "", "reply": "Unknown Command", "reply type": "ACK", "comp_type": "python_client", "tick count": 1767601755430, "UUID": "7e6d4b10-b3cc-47d9-af5f-51f15e18f2d1"}
[09:29:32] {"component": "motor_X", "comp_phys": "", "command": "long_move", "arg1": "", "arg2": "", "reply": "", "reply type": "SENT", "comp_type": "python_client", "tick count": 1767601772541, "UUID": "11af09ab-77fa-4a00-931f-6a7886244055"}
[09:29:32] {"component": "motor_X", "comp_phys": "", "command": "long_move", "arg1": "", "arg2": "", "reply": "", "reply type": "RCV", "comp_type": "python_client", "tick count": 1767601772541, "UUID": "11af09ab-77fa-4a00-931f-6a7886244055"}
[09:29:32] {"component": "motor_X", "comp_phys": "", "command": "long_move", "arg1": "", "arg2": "", "reply": "Unknown Command", "reply type": "ACK", "comp_type": "python_client", "tick count": 1767601772541, "UUID": "11af09ab-77fa-4a00-931f-6a7886244055"}
[09:29:39] {"component": "motor_X", "comp_phys": "", "command": "long_move", "arg1": "", "arg2": "", "reply": "", "reply type": "SENT", "comp_type": "python_client", "tick count": 1767601779064, "UUID": "d9d6c5d2-33c7-4799-a369-13a31040fdce"}
[09:29:39] {"component": "motor_X", "comp_phys": "", "command": "long_move", "arg1": "", "arg2": "", "reply": "", "reply type": "RCV", "comp_type": "python_client", "tick count": 1767601779064, "UUID": "d9d6c5d2-33c7-4799-a369-13a31040fdce"}
[09:29:39] {"component": "motor_X", "comp_phys": "", "command": "long_move", "arg1": "", "arg2": "", "reply": "Unknown Command", "reply type": "ACK", "comp_type": "python_client", "tick count": 1767601779064, "UUID": "d9d6c5d2-33c7-4799-a369-13a31040fdce"}
[09:31:43] {"component": "motor_X", "comp_phys": "", "command": "move_long", "arg1": "", "arg2": "", "reply": "", "reply type": "SENT", "comp_type": "python_client", "tick count": 1767601903180, "UUID": "741b0698-9058-406f-8ef5-eb6730dab51e"}
[09:31:43] {"component": "motor_X", "comp_phys": "", "command": "move_long", "arg1": "", "arg2": "", "reply": "", "reply type": "RCV", "comp_type": "python_client", "tick count": 1767601903180, "UUID": "741b0698-9058-406f-8ef5-eb6730dab51e"}
[09:31:44] {"component": "motor_X", "comp_phys": "", "command": "move_long", "arg1": "", "arg2": "", "reply": "Moving... 1/3 sec", "reply type": "FDB", "comp_type": "python_client", "tick count": 1767601904183, "UUID": "741b0698-9058-406f-8ef5-eb6730dab51e"}
[09:31:45] {"component": "motor_X", "comp_phys": "", "command": "move_long", "arg1": "", "arg2": "", "reply": "Moving... 2/3 sec", "reply type": "FDB", "comp_type": "python_client", "tick count": 1767601905183, "UUID": "741b0698-9058-406f-8ef5-eb6730dab51e"}
[09:31:46] {"component": "motor_X", "comp_phys": "", "command": "move_long", "arg1": "", "arg2": "", "reply": "Moving... 3/3 sec", "reply type": "FDB", "comp_type": "python_client", "tick count": 1767601906184, "UUID": "741b0698-9058-406f-8ef5-eb6730dab51e"}
[09:31:46] {"component": "motor_X", "comp_phys": "", "command": "move_long", "arg1": "", "arg2": "", "reply": "Position Reached", "reply type": "ACK", "comp_type": "python_client", "tick count": 1767601903180, "UUID": "741b0698-9058-406f-8ef5-eb6730dab51e"}
[09:34:05] {"component": "motor_X", "comp_phys": "", "command": "move_long", "arg1": "", "arg2": "", "reply": "", "reply type": "SENT", "comp_type": "python_client", "tick count": 1767602045501, "UUID": "8446e050-6513-4fba-ad1a-bf00ecf57e9e"}
[09:34:05] {"component": "motor_X", "comp_phys": "", "command": "move_long", "arg1": "", "arg2": "", "reply": "", "reply type": "RCV", "comp_type": "python_client", "tick count": 1767602045501, "UUID": "8446e050-6513-4fba-ad1a-bf00ecf57e9e"}
[09:34:06] {"component": "motor_X", "comp_phys": "", "command": "move_long", "arg1": "", "arg2": "", "reply": "Moving... 1/3 sec", "reply type": "FDB", "comp_type": "python_client", "tick count": 1767602046505, "UUID": "8446e050-6513-4fba-ad1a-bf00ecf57e9e"}
[09:34:07] {"component": "motor_X", "comp_phys": "", "command": "move_long", "arg1": "", "arg2": "", "reply": "Moving... 2/3 sec", "reply type": "FDB", "comp_type": "python_client", "tick count": 1767602047506, "UUID": "8446e050-6513-4fba-ad1a-bf00ecf57e9e"}
[09:34:08] {"component": "motor_X", "comp_phys": "", "command": "move_long", "arg1": "", "arg2": "", "reply": "Moving... 3/3 sec", "reply type": "FDB", "comp_type": "python_client", "tick count": 1767602048506, "UUID": "8446e050-6513-4fba-ad1a-bf00ecf57e9e"}
[09:34:08] {"component": "motor_X", "comp_phys": "", "command": "move_long", "arg1": "", "arg2": "", "reply": "Position Reached", "reply type": "ACK", "comp_type": "python_client", "tick count": 1767602045501, "UUID": "8446e050-6513-4fba-ad1a-bf00ecf57e9e"}
[09:35:10] {"component": "motor_X", "comp_phys": "", "command": "move_long", "arg1": "", "arg2": "", "reply": "", "reply type": "SENT", "comp_type": "python_client", "tick count": 1767602110864, "UUID": "08cc446a-1890-44d8-aa03-8d59c2bcf7aa"}
[09:35:10] {"component": "motor_X", "comp_phys": "", "command": "move_long", "arg1": "", "arg2": "", "reply": "", "reply type": "RCV", "comp_type": "python_client", "tick count": 1767602110864, "UUID": "08cc446a-1890-44d8-aa03-8d59c2bcf7aa"}
[09:35:11] {"component": "motor_X", "comp_phys": "", "command": "move_long", "arg1": "", "arg2": "", "reply": "Moving... 1/3 sec", "reply type": "FDB", "comp_type": "python_client", "tick count": 1767602111867, "UUID": "08cc446a-1890-44d8-aa03-8d59c2bcf7aa"}
[09:35:12] {"component": "motor_X", "comp_phys": "", "command": "move_long", "arg1": "", "arg2": "", "reply": "Moving... 2/3 sec", "reply type": "FDB", "comp_type": "python_client", "tick count": 1767602112867, "UUID": "08cc446a-1890-44d8-aa03-8d59c2bcf7aa"}
[09:35:13] {"component": "motor_X", "comp_phys": "", "command": "move_long", "arg1": "", "arg2": "", "reply": "Moving... 3/3 sec", "reply type": "FDB", "comp_type": "python_client", "tick count": 1767602113868, "UUID": "08cc446a-1890-44d8-aa03-8d59c2bcf7aa"}
[09:35:13] {"component": "motor_X", "comp_phys": "", "command": "move_long", "arg1": "", "arg2": "", "reply": "Position Reached", "reply type": "ACK", "comp_type": "python_client", "tick count": 1767602110864, "UUID": "08cc446a-1890-44d8-aa03-8d59c2bcf7aa"}
[09:35:40] {"component": "motor_X", "comp_phys": "", "command": "long_move", "arg1": "", "arg2": "", "reply": "", "reply type": "SENT", "comp_type": "python_client", "tick count": 1767602140050, "UUID": "dd28aa7c-1bd4-4cc4-a3ca-815af5cf9166"}
[09:35:40] {"component": "motor_X", "comp_phys": "", "command": "long_move", "arg1": "", "arg2": "", "reply": "", "reply type": "RCV", "comp_type": "python_client", "tick count": 1767602140050, "UUID": "dd28aa7c-1bd4-4cc4-a3ca-815af5cf9166"}
[09:35:40] {"component": "motor_X", "comp_phys": "", "command": "long_move", "arg1": "", "arg2": "", "reply": "Unknown Command", "reply type": "ACK", "comp_type": "python_client", "tick count": 1767602140050, "UUID": "dd28aa7c-1bd4-4cc4-a3ca-815af5cf9166"}
[09:36:08] {"component": "motor_X", "comp_phys": "", "command": "long_move", "arg1": "", "arg2": "", "reply": "", "reply type": "SENT", "comp_type": "python_client", "tick count": 1767602168571, "UUID": "4b7631d1-f0ea-4281-ab79-2ff67e0d460e"}
[09:36:08] {"component": "motor_X", "comp_phys": "", "command": "long_move", "arg1": "", "arg2": "", "reply": "", "reply type": "RCV", "comp_type": "python_client", "tick count": 1767602168571, "UUID": "4b7631d1-f0ea-4281-ab79-2ff67e0d460e"}
[09:36:08] {"component": "motor_X", "comp_phys": "", "command": "long_move", "arg1": "", "arg2": "", "reply": "Unknown Command", "reply type": "ACK", "comp_type": "python_client", "tick count": 1767602168571, "UUID": "4b7631d1-f0ea-4281-ab79-2ff67e0d460e"}
[09:39:21] {"component": "motor_X", "comp_phys": "", "command": "long_move", "arg1": "", "arg2": "", "reply": "", "reply type": "SENT", "comp_type": "python_client", "tick count": 1767602361879, "UUID": "df8ed80d-2527-45ba-987f-1723c697dba6"}
[09:39:21] {"component": "motor_X", "comp_phys": "", "command": "long_move", "arg1": "", "arg2": "", "reply": "", "reply type": "RCV", "comp_type": "python_client", "tick count": 1767602361879, "UUID": "df8ed80d-2527-45ba-987f-1723c697dba6"}
[09:39:21] {"component": "motor_X", "comp_phys": "", "command": "long_move", "arg1": "", "arg2": "", "reply": "Unknown Command", "reply type": "ACK", "comp_type": "python_client", "tick count": 1767602361879, "UUID": "df8ed80d-2527-45ba-987f-1723c697dba6"}
[09:40:13] {"component": "motor_X", "comp_phys": "", "command": "move_long", "arg1": "", "arg2": "", "reply": "", "reply type": "SENT", "comp_type": "python_client", "tick count": 1767602412915, "UUID": "c321a085-d7d4-42a2-a31e-b5b5ca425bc4"}
[09:40:13] {"component": "motor_X", "comp_phys": "", "command": "move_long", "arg1": "", "arg2": "", "reply": "", "reply type": "RCV", "comp_type": "python_client", "tick count": 1767602412915, "UUID": "c321a085-d7d4-42a2-a31e-b5b5ca425bc4"}
[09:40:14] {"component": "motor_X", "comp_phys": "", "command": "move_long", "arg1": "", "arg2": "", "reply": "Moving... 1/3 sec", "reply type": "FDB", "comp_type": "python_client", "tick count": 1767602413917, "UUID": "c321a085-d7d4-42a2-a31e-b5b5ca425bc4"}
[09:40:15] {"component": "motor_X", "comp_phys": "", "command": "move_long", "arg1": "", "arg2": "", "reply": "Moving... 2/3 sec", "reply type": "FDB", "comp_type": "python_client", "tick count": 1767602414918, "UUID": "c321a085-d7d4-42a2-a31e-b5b5ca425bc4"}
[09:40:15] {"component": "motor_X", "comp_phys": "", "command": "move_long", "arg1": "", "arg2": "", "reply": "Moving... 3/3 sec", "reply type": "FDB", "comp_type": "python_client", "tick count": 1767602415919, "UUID": "c321a085-d7d4-42a2-a31e-b5b5ca425bc4"}
[09:40:15] {"component": "motor_X", "comp_phys": "", "command": "move_long", "arg1": "", "arg2": "", "reply": "Position Reached", "reply type": "ACK", "comp_type": "python_client", "tick count": 1767602412915, "UUID": "c321a085-d7d4-42a2-a31e-b5b5ca425bc4"}
[09:40:58] {"component": "motor_X", "comp_phys": "", "command": "move_long", "arg1": "", "arg2": "", "reply": "", "reply type": "SENT", "comp_type": "python_client", "tick count": 1767602458769, "UUID": "a5288f5c-1be9-4c94-a561-439a136a1442"}
[09:40:58] {"component": "motor_X", "comp_phys": "", "command": "move_long", "arg1": "", "arg2": "", "reply": "", "reply type": "RCV", "comp_type": "python_client", "tick count": 1767602458769, "UUID": "a5288f5c-1be9-4c94-a561-439a136a1442"}
[09:40:59] {"component": "motor_X", "comp_phys": "", "command": "move_long", "arg1": "", "arg2": "", "reply": "Moving... 1/3 sec", "reply type": "FDB", "comp_type": "python_client", "tick count": 1767602459773, "UUID": "a5288f5c-1be9-4c94-a561-439a136a1442"}
[09:41:00] {"component": "motor_X", "comp_phys": "", "command": "move_long", "arg1": "", "arg2": "", "reply": "Moving... 2/3 sec", "reply type": "FDB", "comp_type": "python_client", "tick count": 1767602460773, "UUID": "a5288f5c-1be9-4c94-a561-439a136a1442"}
[09:41:01] {"component": "motor_X", "comp_phys": "", "command": "move_long", "arg1": "", "arg2": "", "reply": "Moving... 3/3 sec", "reply type": "FDB", "comp_type": "python_client", "tick count": 1767602461774, "UUID": "a5288f5c-1be9-4c94-a561-439a136a1442"}
[09:41:01] {"component": "motor_X", "comp_phys": "", "command": "move_long", "arg1": "", "arg2": "", "reply": "Position Reached", "reply type": "ACK", "comp_type": "python_client", "tick count": 1767602458769, "UUID": "a5288f5c-1be9-4c94-a561-439a136a1442"}
[09:41:01] {"component": "motor_X", "comp_phys": "", "command": "move_long", "arg1": "", "arg2": "", "reply": "", "reply type": "SENT", "comp_type": "python_client", "tick count": 1767602461783, "UUID": "55843bf8-dc4e-47dd-881a-76563ce0777a"}
[09:41:01] {"component": "motor_X", "comp_phys": "", "command": "move_long", "arg1": "", "arg2": "", "reply": "", "reply type": "RCV", "comp_type": "python_client", "tick count": 1767602461783, "UUID": "55843bf8-dc4e-47dd-881a-76563ce0777a"}
[09:41:02] {"component": "motor_X", "comp_phys": "", "command": "move_long", "arg1": "", "arg2": "", "reply": "Moving... 1/3 sec", "reply type": "FDB", "comp_type": "python_client", "tick count": 1767602462785, "UUID": "55843bf8-dc4e-47dd-881a-76563ce0777a"}
[09:41:03] {"component": "motor_X", "comp_phys": "", "command": "move_long", "arg1": "", "arg2": "", "reply": "Moving... 2/3 sec", "reply type": "FDB", "comp_type": "python_client", "tick count": 1767602463786, "UUID": "55843bf8-dc4e-47dd-881a-76563ce0777a"}
[09:41:04] {"component": "motor_X", "comp_phys": "", "command": "move_long", "arg1": "", "arg2": "", "reply": "Moving... 3/3 sec", "reply type": "FDB", "comp_type": "python_client", "tick count": 1767602464786, "UUID": "55843bf8-dc4e-47dd-881a-76563ce0777a"}
[09:41:04] {"component": "motor_X", "comp_phys": "", "command": "move_long", "arg1": "", "arg2": "", "reply": "Position Reached", "reply type": "ACK", "comp_type": "python_client", "tick count": 1767602461783, "UUID": "55843bf8-dc4e-47dd-881a-76563ce0777a"}
